<?xml version="1.0" encoding="UTF-8"?>
<!-- Generated by org.testng.reporters.JUnitReportReporter -->
<testsuite hostname="Admin-PC" failures="0" tests="11" name="TestNgBasics" time="193.764" errors="0" timestamp="2019-12-17T12:19:48 IST" skipped="0">
  <testcase classname="TestNgBasics" name="SkilloraLogintext" time="16.920"/>
  <testcase classname="TestNgBasics" name="LoginwithmobileButtonText" time="16.231"/>
  <testcase classname="TestNgBasics" name="LoginwithmobileButtonTest" time="17.119"/>
  <testcase classname="TestNgBasics" name="LoginwithEmailButtonText" time="16.234"/>
  <testcase classname="TestNgBasics" name="LoginwithEmailButtonTest" time="16.750"/>
  <testcase classname="TestNgBasics" name="LoginEmailText" time="16.973"/>
  <testcase classname="TestNgBasics" name="LoginEmailFeeld" time="25.966"/>
  <testcase classname="TestNgBasics" name="PasswordText" time="16.412"/>
  <testcase classname="TestNgBasics" name="PasswordFeeld" time="16.524"/>
  <testcase classname="TestNgBasics" name="LoginButtonText" time="16.879"/>
  <testcase classname="TestNgBasics" name="LoginButtonTest" time="17.756"/>
</testsuite> <!-- TestNgBasics -->
