<?xml version="1.0" encoding="UTF-8"?>
<!-- Generated by org.testng.reporters.JUnitReportReporter -->
<testsuite hostname="Admin-PC" failures="0" tests="9" name="LoginWithEmail" time="168.430" errors="0" timestamp="2019-12-17T17:04:55 IST" skipped="0">
  <testcase classname="LoginWithEmail" name="SkilloraLogintext" time="17.945"/>
  <testcase classname="LoginWithEmail" name="LoginwithEmailButtonText" time="18.555"/>
  <testcase classname="LoginWithEmail" name="LoginwithEmailButtonTest" time="19.810"/>
  <testcase classname="LoginWithEmail" name="LoginEmailText" time="16.244"/>
  <testcase classname="LoginWithEmail" name="LoginEmailFeeld" time="18.633"/>
  <testcase classname="LoginWithEmail" name="PasswordText" time="21.250"/>
  <testcase classname="LoginWithEmail" name="PasswordFeeld" time="19.542"/>
  <testcase classname="LoginWithEmail" name="LoginButtonText" time="18.004"/>
  <testcase classname="LoginWithEmail" name="LoginButtonTest" time="18.447"/>
</testsuite> <!-- LoginWithEmail -->
